<?xml version="1.0" encoding="UTF-8"?>
<!-- Generated by org.testng.reporters.JUnitReportReporter -->
<testsuite hostname="DESKTOP-42FBA14" failures="0" tests="1" name="cucumber.TestNGTestRunner" time="3.526" errors="0" timestamp="2024-10-04T18:43:45 IST" skipped="0">
  <testcase classname="cucumber.TestNGTestRunner" name="runScenario" time="3.526"/>
</testsuite> <!-- cucumber.TestNGTestRunner -->
