<?xml version="1.0" encoding="UTF-8"?>
<!-- Generated by org.testng.reporters.JUnitReportReporter -->
<testsuite hostname="DESKTOP-42FBA14" failures="0" tests="1" name="abdul01.SeleniumFrameworkDesign.ErrorValidationTest" time="3.903" errors="0" timestamp="2024-10-04T19:26:21 IST" skipped="0">
  <testcase classname="abdul01.SeleniumFrameworkDesign.ErrorValidationTest" name="loginErrorValidation" time="3.903"/>
</testsuite> <!-- abdul01.SeleniumFrameworkDesign.ErrorValidationTest -->
